
> aigos@0.1.0 build
> next build

[baseline-browser-mapping] The data in this module is over two months old.  To ensure accurate Baseline data, please update: `npm i baseline-browser-mapping@latest -D`
   ▲ Next.js 16.0.10 (Turbopack)
   - Environments: .env.local

 ⚠ The "middleware" file convention is deprecated. Please use "proxy" instead. Learn more: https://nextjs.org/docs/messages/middleware-to-proxy
   Creating an optimized production build ...
[baseline-browser-mapping] The data in this module is over two months old.  To ensure accurate Baseline data, please update: `npm i baseline-browser-mapping@latest -D`
 ✓ Compiled successfully in 3.6s
   Running TypeScript ...
   Collecting page data using 13 workers ...
[baseline-browser-mapping] The data in this module is over two months old.  To ensure accurate Baseline data, please update: `npm i baseline-browser-mapping@latest -D`
[baseline-browser-mapping] The data in this module is over two months old.  To ensure accurate Baseline data, please update: `npm i baseline-browser-mapping@latest -D`
[baseline-browser-mapping] The data in this module is over two months old.  To ensure accurate Baseline data, please update: `npm i baseline-browser-mapping@latest -D`
[baseline-browser-mapping] The data in this module is over two months old.  To ensure accurate Baseline data, please update: `npm i baseline-browser-mapping@latest -D`
[baseline-browser-mapping] The data in this module is over two months old.  To ensure accurate Baseline data, please update: `npm i baseline-browser-mapping@latest -D`
[baseline-browser-mapping] The data in this module is over two months old.  To ensure accurate Baseline data, please update: `npm i baseline-browser-mapping@latest -D`
[baseline-browser-mapping] The data in this module is over two months old.  To ensure accurate Baseline data, please update: `npm i baseline-browser-mapping@latest -D`
[baseline-browser-mapping] The data in this module is over two months old.  To ensure accurate Baseline data, please update: `npm i baseline-browser-mapping@latest -D`
[baseline-browser-mapping] The data in this module is over two months old.  To ensure accurate Baseline data, please update: `npm i baseline-browser-mapping@latest -D`
[baseline-browser-mapping] The data in this module is over two months old.  To ensure accurate Baseline data, please update: `npm i baseline-browser-mapping@latest -D`
[baseline-browser-mapping] The data in this module is over two months old.  To ensure accurate Baseline data, please update: `npm i baseline-browser-mapping@latest -D`
[baseline-browser-mapping] The data in this module is over two months old.  To ensure accurate Baseline data, please update: `npm i baseline-browser-mapping@latest -D`
[baseline-browser-mapping] The data in this module is over two months old.  To ensure accurate Baseline data, please update: `npm i baseline-browser-mapping@latest -D`
   Generating static pages using 13 workers (0/44) ...
[baseline-browser-mapping] The data in this module is over two months old.  To ensure accurate Baseline data, please update: `npm i baseline-browser-mapping@latest -D`
[baseline-browser-mapping] The data in this module is over two months old.  To ensure accurate Baseline data, please update: `npm i baseline-browser-mapping@latest -D`
   Generating static pages using 13 workers (11/44) 
   Generating static pages using 13 workers (22/44) 
   Generating static pages using 13 workers (33/44) 
 ✓ Generating static pages using 13 workers (44/44) in 595.7ms
   Finalizing page optimization ...

Route (app)
┌ ○ /
├ ○ /_not-found
├ ƒ /access-disabled
├ ƒ /access-pending
├ ƒ /api/admin/allowlist
├ ƒ /api/admin/impersonation
├ ƒ /api/auth/me
├ ƒ /api/chat/agent
├ ƒ /api/chat/media-plan-agent
├ ƒ /api/chat/unified
├ ƒ /api/documents/signed-url
├ ƒ /api/documents/upload
├ ƒ /api/health
├ ƒ /api/image-proxy
├ ƒ /api/integrations/health
├ ƒ /api/journey/session
├ ƒ /api/meetings/submit
├ ƒ /api/onboarding/extract-document
├ ƒ /api/onboarding/research
├ ƒ /api/onboarding/suggest
├ ƒ /api/profiles
├ ƒ /api/profiles/[id]
├ ƒ /api/profiles/[id]/sessions
├ ƒ /api/profiles/[id]/style-references
├ ƒ /api/profiles/insights
├ ƒ /api/research-v2/abort-section
├ ƒ /api/research-v2/audit-state
├ ƒ /api/research-v2/chat
├ ƒ /api/research-v2/dispatch
├ ƒ /api/research-v2/onboarding
├ ƒ /api/research-v2/orchestrate
├ ƒ /api/research-v2/rerun-section
├ ƒ /api/research-v2/run-lab-section
├ ƒ /api/share
├ ƒ /api/share/[token]
├ ƒ /api/transcribe
├ ƒ /api/webhooks/clerk
├ ƒ /dashboard
├ ƒ /dashboard/integrations
├ ƒ /internal/allowlist
├ ƒ /internal/clients
├ ƒ /onboarding
├ ƒ /profiles
├ ƒ /profiles/[id]
├ ƒ /research
├ ƒ /research-v2
├ ƒ /research-v2/proto-reader
├ ƒ /research-v3
├ ƒ /research/[sessionId]
├ ƒ /shared/[token]
├ ƒ /sign-in/[[...sign-in]]
└ ƒ /sign-up/[[...sign-up]]


ƒ Proxy (Middleware)

○  (Static)   prerendered as static content
ƒ  (Dynamic)  server-rendered on demand

