Total messages: 21 (Errors: 1, Warnings: 3)

[INFO] %cDownload the React DevTools for a better development experience: https://react.dev/link/react-devtools font-weight:bold @ http://localhost:3000/_next/static/chunks/8b03e_next_dist_8feedd46._.js:2287
[LOG] [HMR] connected @ http://localhost:3000/_next/static/chunks/8b03e_next_dist_8feedd46._.js:2287
[WARNING] Clerk: Clerk has been loaded with development keys. Development instances have strict usage limits and should not be used when deploying your application to production. Learn more: https://clerk.com/docs/deployments/overview @ http://localhost:3000/_next/static/chunks/8b03e_next_dist_8feedd46._.js:2287
[WARNING] Clerk: The prop "afterSignInUrl" is deprecated and should be replaced with the new "fallbackRedirectUrl" or "forceRedirectUrl" props instead. Learn more: https://clerk.com/docs/guides/custom-redirects#redirect-url-props @ http://localhost:3000/_next/static/chunks/8b03e_next_dist_8feedd46._.js:2287
[LOG] [Fast Refresh] rebuilding @ http://localhost:3000/_next/static/chunks/8b03e_next_dist_8feedd46._.js:2287
[WARNING] Clerk: The "signInFallbackRedirectUrl" prop ("http://localhost:3000/dashboard") has priority over the legacy "afterSignInUrl" (or "redirectUrl") ("http://localhost:3000/dashboard"), which will be completely ignored in this case. "afterSignInUrl" (or "redirectUrl" prop) should be replaced with the new "fallbackRedirectUrl" or "forceRedirectUrl" props instead. Learn more: https://clerk.com/docs/guides/custom-redirects#redirect-url-props @ http://localhost:3000/_next/static/chunks/8b03e_next_dist_8feedd46._.js:2287
[VERBOSE] [DOM] Input elements should have autocomplete attributes (suggested: "current-password"): (More info: https://goo.gl/9p2vKq) %o @ http://localhost:3000/sign-in:0
[LOG] [Fast Refresh] done in 1697ms @ http://localhost:3000/_next/static/chunks/8b03e_next_dist_8feedd46._.js:2287
[LOG] [Fast Refresh] rebuilding @ http://localhost:3000/_next/static/chunks/8b03e_next_dist_8feedd46._.js:2287
[LOG] [Fast Refresh] done in 756ms @ http://localhost:3000/_next/static/chunks/8b03e_next_dist_8feedd46._.js:2287
[LOG] [Fast Refresh] rebuilding @ http://localhost:3000/_next/static/chunks/8b03e_next_dist_8feedd46._.js:2287
[LOG] [Fast Refresh] done in 465ms @ http://localhost:3000/_next/static/chunks/8b03e_next_dist_8feedd46._.js:2287
[LOG] [Fast Refresh] rebuilding @ http://localhost:3000/_next/static/chunks/8b03e_next_dist_8feedd46._.js:2287
[LOG] [Fast Refresh] done in 1060ms @ http://localhost:3000/_next/static/chunks/8b03e_next_dist_8feedd46._.js:2287
[LOG] [Fast Refresh] rebuilding @ http://localhost:3000/_next/static/chunks/8b03e_next_dist_8feedd46._.js:2287
[LOG] [Fast Refresh] done in 1669ms @ http://localhost:3000/_next/static/chunks/8b03e_next_dist_8feedd46._.js:2287
[LOG] [Fast Refresh] rebuilding @ http://localhost:3000/_next/static/chunks/8b03e_next_dist_8feedd46._.js:2287
[LOG] [Fast Refresh] done in 508ms @ http://localhost:3000/_next/static/chunks/8b03e_next_dist_8feedd46._.js:2287
[ERROR] Failed to load resource: the server responded with a status of 422 () @ https://fleet-bengal-80.clerk.accounts.dev/v1/client/sign_ins?__clerk_api_version=2025-11-10&_clerk_js_version=5.125.4&__clerk_db_jwt=dvb_3AfoOL8crhZCwgtkS1t9KTINioy:0
[LOG] [Fast Refresh] rebuilding @ http://localhost:3000/_next/static/chunks/8b03e_next_dist_8feedd46._.js:2287
[LOG] [Fast Refresh] done in 231ms @ http://localhost:3000/_next/static/chunks/8b03e_next_dist_8feedd46._.js:2287