Total messages: 20 (Errors: 2, Warnings: 2)

[INFO] %cDownload the React DevTools for a better development experience: https://react.dev/link/react-devtools font-weight:bold @ http://localhost:3000/_next/static/chunks/8b03e_next_dist_8feedd46._.js:2287
[LOG] [HMR] connected @ http://localhost:3000/_next/static/chunks/8b03e_next_dist_8feedd46._.js:2287
[WARNING] Clerk: Clerk has been loaded with development keys. Development instances have strict usage limits and should not be used when deploying your application to production. Learn more: https://clerk.com/docs/deployments/overview @ http://localhost:3000/_next/static/chunks/8b03e_next_dist_8feedd46._.js:2287
[WARNING] Clerk: The prop "afterSignInUrl" is deprecated and should be replaced with the new "fallbackRedirectUrl" or "forceRedirectUrl" props instead. Learn more: https://clerk.com/docs/guides/custom-redirects#redirect-url-props @ http://localhost:3000/_next/static/chunks/8b03e_next_dist_8feedd46._.js:2287
[LOG] [Fast Refresh] rebuilding @ http://localhost:3000/_next/static/chunks/8b03e_next_dist_8feedd46._.js:2287
[LOG] [Fast Refresh] done in 396ms @ http://localhost:3000/_next/static/chunks/8b03e_next_dist_8feedd46._.js:2287
[LOG] [Fast Refresh] rebuilding @ http://localhost:3000/_next/static/chunks/8b03e_next_dist_8feedd46._.js:2287
[LOG] [Fast Refresh] done in 568ms @ http://localhost:3000/_next/static/chunks/8b03e_next_dist_8feedd46._.js:2287
[LOG] [Fast Refresh] rebuilding @ http://localhost:3000/_next/static/chunks/8b03e_next_dist_8feedd46._.js:2287
[LOG] [Fast Refresh] done in 994ms @ http://localhost:3000/_next/static/chunks/8b03e_next_dist_8feedd46._.js:2287
[LOG] [Fast Refresh] rebuilding @ http://localhost:3000/_next/static/chunks/8b03e_next_dist_8feedd46._.js:2287
[LOG] [Fast Refresh] done in 177ms @ http://localhost:3000/_next/static/chunks/8b03e_next_dist_8feedd46._.js:2287
[LOG] [Fast Refresh] rebuilding @ http://localhost:3000/_next/static/chunks/8b03e_next_dist_8feedd46._.js:2287
[LOG] [Fast Refresh] done in 292ms @ http://localhost:3000/_next/static/chunks/8b03e_next_dist_8feedd46._.js:2287
[ERROR] Failed to load resource: the server responded with a status of 401 (Unauthorized) @ http://localhost:3000/api/journey/new-session:0
[ERROR] [journey] new session failed: Error: Unauthorized
    at JourneyPageContent.useCallback[createFreshSession] (http://localhost:3000/_next/static/chunks/AI-GOS-main_src_77173597._.js:464:27)
    at async JourneyPageContent.useCallback[handleSeedSubmit] (http://localhost:3000/_next/static/chunks/AI-GOS-main_src_77173597._.js:882:39) @ http://localhost:3000/_next/static/chunks/8b03e_next_dist_8feedd46._.js:3117
[LOG] [Fast Refresh] rebuilding @ http://localhost:3000/_next/static/chunks/8b03e_next_dist_8feedd46._.js:2287
[LOG] [Fast Refresh] done in 1166ms @ http://localhost:3000/_next/static/chunks/8b03e_next_dist_8feedd46._.js:2287
[LOG] [Fast Refresh] rebuilding @ http://localhost:3000/_next/static/chunks/8b03e_next_dist_8feedd46._.js:2287
[LOG] [Fast Refresh] done in 321ms @ http://localhost:3000/_next/static/chunks/8b03e_next_dist_8feedd46._.js:2287