[GET] http://localhost:3000/sign-in/factor-one/SignIn_clerk_catchall_check_1773455979677 => [200] OK
[GET] http://localhost:3000/sign-in/SignIn_clerk_catchall_check_1773455691587 => [200] OK
[POST] http://localhost:3000/journey => [200] OK
[POST] https://fleet-bengal-80.clerk.accounts.dev/v1/environment?__clerk_api_version=2025-11-10&_clerk_js_version=5.125.4&_method=PATCH&__clerk_db_jwt=dvb_3AuvLcuswcfprQyKPGUu4tstXvm => [200] 
[GET] https://fleet-bengal-80.clerk.accounts.dev/v1/client?__clerk_api_version=2025-11-10&_clerk_js_version=5.125.4&__clerk_db_jwt=dvb_3AuvLcuswcfprQyKPGUu4tstXvm => [200] 
[POST] http://localhost:3000/api/journey/prefill => [200] OK
[POST] https://fleet-bengal-80.clerk.accounts.dev/v1/client/sessions/sess_3Auwtb9Crxe3mx7g66xFoGHFJaQ/tokens?__clerk_api_version=2025-11-10&_clerk_js_version=5.125.4&__clerk_db_jwt=dvb_3AuvLcuswcfprQyKPGUu4tstXvm => [200] 
[PATCH] http://localhost:3000/api/journey/session => [200] OK
[PATCH] http://localhost:3000/api/journey/session => [200] OK
[POST] http://localhost:3000/api/journey/dispatch => [200] OK
[GET] http://localhost:3000/api/journey/session?runId=64635883-2ef0-411c-ab38-ebe2ca470f8d => [200] OK
[GET] http://localhost:3000/api/journey/session?runId=64635883-2ef0-411c-ab38-ebe2ca470f8d => [200] OK
[GET] http://localhost:3000/api/journey/session?runId=64635883-2ef0-411c-ab38-ebe2ca470f8d => [200] OK
[POST] https://fleet-bengal-80.clerk.accounts.dev/v1/client/sessions/sess_3Auwtb9Crxe3mx7g66xFoGHFJaQ/tokens?__clerk_api_version=2025-11-10&_clerk_js_version=5.125.4&__clerk_db_jwt=dvb_3AuvLcuswcfprQyKPGUu4tstXvm => [200] 
[GET] http://localhost:3000/api/journey/session?runId=64635883-2ef0-411c-ab38-ebe2ca470f8d => [200] OK
[GET] http://localhost:3000/api/journey/session?runId=64635883-2ef0-411c-ab38-ebe2ca470f8d => [200] OK
[GET] http://localhost:3000/api/journey/session?runId=64635883-2ef0-411c-ab38-ebe2ca470f8d => [200] OK
[GET] http://localhost:3000/api/journey/session?runId=64635883-2ef0-411c-ab38-ebe2ca470f8d => [200] OK
[GET] http://localhost:3000/api/journey/session?runId=64635883-2ef0-411c-ab38-ebe2ca470f8d => [200] OK
[GET] http://localhost:3000/api/journey/session?runId=64635883-2ef0-411c-ab38-ebe2ca470f8d => [200] OK
[GET] http://localhost:3000/api/journey/session?runId=64635883-2ef0-411c-ab38-ebe2ca470f8d => [200] OK
[GET] http://localhost:3000/api/journey/session?runId=64635883-2ef0-411c-ab38-ebe2ca470f8d => [200] OK
[GET] http://localhost:3000/api/journey/session?runId=64635883-2ef0-411c-ab38-ebe2ca470f8d => [200] OK
[GET] http://localhost:3000/api/journey/session?runId=64635883-2ef0-411c-ab38-ebe2ca470f8d => [200] OK
[GET] http://localhost:3000/api/journey/session?runId=64635883-2ef0-411c-ab38-ebe2ca470f8d => [200] OK
[GET] http://localhost:3000/api/journey/session?runId=64635883-2ef0-411c-ab38-ebe2ca470f8d => [200] OK
[GET] http://localhost:3000/api/journey/session?runId=64635883-2ef0-411c-ab38-ebe2ca470f8d => [200] OK
[GET] http://localhost:3000/api/journey/session?runId=64635883-2ef0-411c-ab38-ebe2ca470f8d => [200] OK
[GET] http://localhost:3000/api/journey/session?runId=64635883-2ef0-411c-ab38-ebe2ca470f8d => [200] OK
[GET] http://localhost:3000/api/journey/session?runId=64635883-2ef0-411c-ab38-ebe2ca470f8d => [200] OK
[GET] http://localhost:3000/api/journey/session?runId=64635883-2ef0-411c-ab38-ebe2ca470f8d => [200] OK
[GET] http://localhost:3000/api/journey/session?runId=64635883-2ef0-411c-ab38-ebe2ca470f8d => [200] OK
[GET] http://localhost:3000/api/journey/session?runId=64635883-2ef0-411c-ab38-ebe2ca470f8d => [200] OK
[GET] http://localhost:3000/api/journey/session?runId=64635883-2ef0-411c-ab38-ebe2ca470f8d => [200] OK
[GET] http://localhost:3000/api/journey/session?runId=64635883-2ef0-411c-ab38-ebe2ca470f8d => [200] OK
[GET] http://localhost:3000/api/journey/session?runId=64635883-2ef0-411c-ab38-ebe2ca470f8d => [200] OK
[GET] http://localhost:3000/api/journey/session?runId=64635883-2ef0-411c-ab38-ebe2ca470f8d => [200] OK
[POST] https://fleet-bengal-80.clerk.accounts.dev/v1/client/sessions/sess_3Auwtb9Crxe3mx7g66xFoGHFJaQ/tokens?__clerk_api_version=2025-11-10&_clerk_js_version=5.125.4&__clerk_db_jwt=dvb_3AuvLcuswcfprQyKPGUu4tstXvm => [200] 
[GET] http://localhost:3000/api/journey/session?runId=64635883-2ef0-411c-ab38-ebe2ca470f8d => [200] OK
[GET] http://localhost:3000/api/journey/session?runId=64635883-2ef0-411c-ab38-ebe2ca470f8d => [200] OK
[GET] http://localhost:3000/api/journey/session?runId=64635883-2ef0-411c-ab38-ebe2ca470f8d => [200] OK
[GET] http://localhost:3000/api/journey/session?runId=64635883-2ef0-411c-ab38-ebe2ca470f8d => [200] OK
[GET] http://localhost:3000/api/journey/session?runId=64635883-2ef0-411c-ab38-ebe2ca470f8d => [200] OK
[GET] http://localhost:3000/api/journey/session?runId=64635883-2ef0-411c-ab38-ebe2ca470f8d => [200] OK
[GET] http://localhost:3000/api/journey/session?runId=64635883-2ef0-411c-ab38-ebe2ca470f8d => [200] OK
[GET] http://localhost:3000/api/journey/session?runId=64635883-2ef0-411c-ab38-ebe2ca470f8d => [200] OK
[GET] http://localhost:3000/api/journey/session?runId=64635883-2ef0-411c-ab38-ebe2ca470f8d => [200] OK
[GET] http://localhost:3000/api/journey/session?runId=64635883-2ef0-411c-ab38-ebe2ca470f8d => [200] OK
[GET] http://localhost:3000/api/journey/session?runId=64635883-2ef0-411c-ab38-ebe2ca470f8d => [200] OK
[GET] http://localhost:3000/api/journey/session?runId=64635883-2ef0-411c-ab38-ebe2ca470f8d => [200] OK
[GET] http://localhost:3000/api/journey/session?runId=64635883-2ef0-411c-ab38-ebe2ca470f8d => [200] OK
[GET] http://localhost:3000/api/journey/session?runId=64635883-2ef0-411c-ab38-ebe2ca470f8d => [200] OK
[GET] http://localhost:3000/api/journey/session?runId=64635883-2ef0-411c-ab38-ebe2ca470f8d => [200] OK
[GET] http://localhost:3000/api/journey/session?runId=64635883-2ef0-411c-ab38-ebe2ca470f8d => [200] OK
[GET] http://localhost:3000/api/journey/session?runId=64635883-2ef0-411c-ab38-ebe2ca470f8d => [200] OK
[GET] http://localhost:3000/api/journey/session?runId=64635883-2ef0-411c-ab38-ebe2ca470f8d => [200] OK
[GET] http://localhost:3000/api/journey/session?runId=64635883-2ef0-411c-ab38-ebe2ca470f8d => [200] OK
[GET] http://localhost:3000/api/journey/session?runId=64635883-2ef0-411c-ab38-ebe2ca470f8d => [200] OK
[GET] http://localhost:3000/api/journey/session?runId=64635883-2ef0-411c-ab38-ebe2ca470f8d => [200] OK
[GET] http://localhost:3000/api/journey/session?runId=64635883-2ef0-411c-ab38-ebe2ca470f8d => [200] OK
[GET] http://localhost:3000/api/journey/session?runId=64635883-2ef0-411c-ab38-ebe2ca470f8d => [200] OK
[POST] https://fleet-bengal-80.clerk.accounts.dev/v1/client/sessions/sess_3Auwtb9Crxe3mx7g66xFoGHFJaQ/tokens?__clerk_api_version=2025-11-10&_clerk_js_version=5.125.4&__clerk_db_jwt=dvb_3AuvLcuswcfprQyKPGUu4tstXvm => [200] 
[GET] http://localhost:3000/api/journey/session?runId=64635883-2ef0-411c-ab38-ebe2ca470f8d => [200] OK
[GET] http://localhost:3000/api/journey/session?runId=64635883-2ef0-411c-ab38-ebe2ca470f8d => [200] OK
[GET] http://localhost:3000/api/journey/session?runId=64635883-2ef0-411c-ab38-ebe2ca470f8d => [200] OK
[GET] http://localhost:3000/api/journey/session?runId=64635883-2ef0-411c-ab38-ebe2ca470f8d => [200] OK
[GET] http://localhost:3000/api/journey/session?runId=64635883-2ef0-411c-ab38-ebe2ca470f8d => [200] OK
[GET] http://localhost:3000/api/journey/session?runId=64635883-2ef0-411c-ab38-ebe2ca470f8d => [200] OK
[GET] http://localhost:3000/api/journey/session?runId=64635883-2ef0-411c-ab38-ebe2ca470f8d => [200] OK
[GET] http://localhost:3000/api/journey/session?runId=64635883-2ef0-411c-ab38-ebe2ca470f8d => [200] OK
[GET] http://localhost:3000/api/journey/session?runId=64635883-2ef0-411c-ab38-ebe2ca470f8d => [200] OK
[GET] http://localhost:3000/api/journey/session?runId=64635883-2ef0-411c-ab38-ebe2ca470f8d => [200] OK
[GET] http://localhost:3000/api/journey/session?runId=64635883-2ef0-411c-ab38-ebe2ca470f8d => [200] OK
[GET] http://localhost:3000/api/journey/session?runId=64635883-2ef0-411c-ab38-ebe2ca470f8d => [200] OK
[GET] http://localhost:3000/api/journey/session?runId=64635883-2ef0-411c-ab38-ebe2ca470f8d => [200] OK
[GET] http://localhost:3000/api/journey/session?runId=64635883-2ef0-411c-ab38-ebe2ca470f8d => [200] OK
[GET] http://localhost:3000/api/journey/session?runId=64635883-2ef0-411c-ab38-ebe2ca470f8d => [200] OK
[GET] http://localhost:3000/api/journey/session?runId=64635883-2ef0-411c-ab38-ebe2ca470f8d => [200] OK
[GET] http://localhost:3000/api/journey/session?runId=64635883-2ef0-411c-ab38-ebe2ca470f8d => [200] OK
[GET] http://localhost:3000/api/journey/session?runId=64635883-2ef0-411c-ab38-ebe2ca470f8d => [200] OK
[GET] http://localhost:3000/api/journey/session?runId=64635883-2ef0-411c-ab38-ebe2ca470f8d => [200] OK
[GET] http://localhost:3000/api/journey/session?runId=64635883-2ef0-411c-ab38-ebe2ca470f8d => [200] OK
[GET] http://localhost:3000/api/journey/session?runId=64635883-2ef0-411c-ab38-ebe2ca470f8d => [200] OK
[GET] http://localhost:3000/api/journey/session?runId=64635883-2ef0-411c-ab38-ebe2ca470f8d => [200] OK
[GET] http://localhost:3000/api/journey/session?runId=64635883-2ef0-411c-ab38-ebe2ca470f8d => [200] OK
[POST] https://fleet-bengal-80.clerk.accounts.dev/v1/client/sessions/sess_3Auwtb9Crxe3mx7g66xFoGHFJaQ/tokens?__clerk_api_version=2025-11-10&_clerk_js_version=5.125.4&__clerk_db_jwt=dvb_3AuvLcuswcfprQyKPGUu4tstXvm => [200] 
[GET] http://localhost:3000/api/journey/session?runId=64635883-2ef0-411c-ab38-ebe2ca470f8d => [200] OK
[GET] http://localhost:3000/api/journey/session?runId=64635883-2ef0-411c-ab38-ebe2ca470f8d => [200] OK
[GET] http://localhost:3000/api/journey/session?runId=64635883-2ef0-411c-ab38-ebe2ca470f8d => [200] OK
[GET] http://localhost:3000/api/journey/session?runId=64635883-2ef0-411c-ab38-ebe2ca470f8d => [200] OK
[GET] http://localhost:3000/api/journey/session?runId=64635883-2ef0-411c-ab38-ebe2ca470f8d => [200] OK
[GET] http://localhost:3000/api/journey/session?runId=64635883-2ef0-411c-ab38-ebe2ca470f8d => [200] OK
[GET] http://localhost:3000/api/journey/session?runId=64635883-2ef0-411c-ab38-ebe2ca470f8d => [200] OK
[GET] http://localhost:3000/api/journey/session?runId=64635883-2ef0-411c-ab38-ebe2ca470f8d => [200] OK
[GET] http://localhost:3000/api/journey/session?runId=64635883-2ef0-411c-ab38-ebe2ca470f8d => [200] OK
[GET] http://localhost:3000/api/journey/session?runId=64635883-2ef0-411c-ab38-ebe2ca470f8d => [200] OK
[GET] http://localhost:3000/api/journey/session?runId=64635883-2ef0-411c-ab38-ebe2ca470f8d => [200] OK
[GET] http://localhost:3000/api/journey/session?runId=64635883-2ef0-411c-ab38-ebe2ca470f8d => [200] OK
[GET] http://localhost:3000/api/journey/session?runId=64635883-2ef0-411c-ab38-ebe2ca470f8d => [200] OK
[GET] http://localhost:3000/api/journey/session?runId=64635883-2ef0-411c-ab38-ebe2ca470f8d => [200] OK
[GET] http://localhost:3000/api/journey/session?runId=64635883-2ef0-411c-ab38-ebe2ca470f8d => [200] OK
[GET] http://localhost:3000/api/journey/session?runId=64635883-2ef0-411c-ab38-ebe2ca470f8d => [200] OK
[GET] http://localhost:3000/api/journey/session?runId=64635883-2ef0-411c-ab38-ebe2ca470f8d => [200] OK
[GET] http://localhost:3000/api/journey/session?runId=64635883-2ef0-411c-ab38-ebe2ca470f8d => [200] OK
[GET] http://localhost:3000/api/journey/session?runId=64635883-2ef0-411c-ab38-ebe2ca470f8d => [200] OK
[GET] http://localhost:3000/api/journey/session?runId=64635883-2ef0-411c-ab38-ebe2ca470f8d => [200] OK
[GET] http://localhost:3000/api/journey/session?runId=64635883-2ef0-411c-ab38-ebe2ca470f8d => [200] OK
[GET] http://localhost:3000/api/journey/session?runId=64635883-2ef0-411c-ab38-ebe2ca470f8d => [200] OK
[GET] http://localhost:3000/api/journey/session?runId=64635883-2ef0-411c-ab38-ebe2ca470f8d => [200] OK
[POST] https://fleet-bengal-80.clerk.accounts.dev/v1/client/sessions/sess_3Auwtb9Crxe3mx7g66xFoGHFJaQ/tokens?__clerk_api_version=2025-11-10&_clerk_js_version=5.125.4&__clerk_db_jwt=dvb_3AuvLcuswcfprQyKPGUu4tstXvm => [200] 
[GET] http://localhost:3000/api/journey/session?runId=64635883-2ef0-411c-ab38-ebe2ca470f8d => [200] OK
[GET] http://localhost:3000/api/journey/session?runId=64635883-2ef0-411c-ab38-ebe2ca470f8d => [200] OK
[GET] http://localhost:3000/api/journey/session?runId=64635883-2ef0-411c-ab38-ebe2ca470f8d => [200] OK
[GET] http://localhost:3000/api/journey/session?runId=64635883-2ef0-411c-ab38-ebe2ca470f8d => [200] OK
[GET] http://localhost:3000/api/journey/session?runId=64635883-2ef0-411c-ab38-ebe2ca470f8d => [200] OK
[GET] http://localhost:3000/api/journey/session?runId=64635883-2ef0-411c-ab38-ebe2ca470f8d => [200] OK
[GET] http://localhost:3000/api/journey/session?runId=64635883-2ef0-411c-ab38-ebe2ca470f8d => [200] OK
[GET] http://localhost:3000/api/journey/session?runId=64635883-2ef0-411c-ab38-ebe2ca470f8d => [200] OK
[GET] http://localhost:3000/api/journey/session?runId=64635883-2ef0-411c-ab38-ebe2ca470f8d => [200] OK
[GET] http://localhost:3000/api/journey/session?runId=64635883-2ef0-411c-ab38-ebe2ca470f8d => [200] OK
[GET] http://localhost:3000/api/journey/session?runId=64635883-2ef0-411c-ab38-ebe2ca470f8d => [200] OK
[GET] http://localhost:3000/api/journey/session?runId=64635883-2ef0-411c-ab38-ebe2ca470f8d => [200] OK
[GET] http://localhost:3000/api/journey/session?runId=64635883-2ef0-411c-ab38-ebe2ca470f8d => [200] OK
[GET] http://localhost:3000/api/journey/session?runId=64635883-2ef0-411c-ab38-ebe2ca470f8d => [200] OK
[GET] http://localhost:3000/api/journey/session?runId=64635883-2ef0-411c-ab38-ebe2ca470f8d => [200] OK
[GET] http://localhost:3000/api/journey/session?runId=64635883-2ef0-411c-ab38-ebe2ca470f8d => [200] OK
[GET] http://localhost:3000/api/journey/session?runId=64635883-2ef0-411c-ab38-ebe2ca470f8d => [200] OK
[GET] http://localhost:3000/api/journey/session?runId=64635883-2ef0-411c-ab38-ebe2ca470f8d => [200] OK
[GET] http://localhost:3000/api/journey/session?runId=64635883-2ef0-411c-ab38-ebe2ca470f8d => [200] OK
[GET] http://localhost:3000/api/journey/session?runId=64635883-2ef0-411c-ab38-ebe2ca470f8d => [200] OK
[GET] http://localhost:3000/api/journey/session?runId=64635883-2ef0-411c-ab38-ebe2ca470f8d => [200] OK
[GET] http://localhost:3000/api/journey/session?runId=64635883-2ef0-411c-ab38-ebe2ca470f8d => [200] OK