[POST] http://localhost:3000/sign-in?redirect_url=http%3A%2F%2Flocalhost%3A3000%2Fjourney => [200] OK
[POST] https://fleet-bengal-80.clerk.accounts.dev/v1/environment?__clerk_api_version=2025-11-10&_clerk_js_version=5.125.4&_method=PATCH&__clerk_db_jwt=dvb_3AgpThnLCiJGcahZDPQ2FwoITiU => [200] 
[GET] https://fleet-bengal-80.clerk.accounts.dev/v1/client?__clerk_api_version=2025-11-10&_clerk_js_version=5.125.4&__clerk_db_jwt=dvb_3AgpThnLCiJGcahZDPQ2FwoITiU => [200] 
[POST] https://clerk-telemetry.com/v1/event => [200] 
[POST] https://clerk-telemetry.com/v1/event => [200] 
[GET] http://localhost:3000/sign-in/SignIn_clerk_catchall_check_1773458949628 => [200] OK
[GET] http://localhost:3000/journey?_rsc=qv6ho => [200] OK
[GET] http://localhost:3000/journey?_rsc=qv6ho => [200] OK
[POST] http://localhost:3000/api/journey/prefill => [200] OK
[POST] https://fleet-bengal-80.clerk.accounts.dev/v1/client/sessions/sess_3AskCkV91ySMYON1I9f9ZpsceP2/tokens?__clerk_api_version=2025-11-10&_clerk_js_version=5.125.4&__clerk_db_jwt=dvb_3AgpThnLCiJGcahZDPQ2FwoITiU => [200] 
[PATCH] http://localhost:3000/api/journey/session => [200] OK
[PATCH] http://localhost:3000/api/journey/session => [200] OK
[GET] http://localhost:3000/api/journey/session?runId=e0e03945-156e-4aba-8aa4-5370a1d38988 => [200] OK
[GET] http://localhost:3000/api/journey/session?runId=e0e03945-156e-4aba-8aa4-5370a1d38988 => [200] OK
[POST] http://localhost:3000/api/journey/dispatch => [200] OK
[GET] http://localhost:3000/api/journey/session?runId=e0e03945-156e-4aba-8aa4-5370a1d38988 => [200] OK
[GET] http://localhost:3000/api/journey/session?runId=e0e03945-156e-4aba-8aa4-5370a1d38988 => [200] OK
[GET] http://localhost:3000/api/journey/session?runId=e0e03945-156e-4aba-8aa4-5370a1d38988 => [200] OK
[GET] http://localhost:3000/api/journey/session?runId=e0e03945-156e-4aba-8aa4-5370a1d38988 => [200] OK
[GET] http://localhost:3000/api/journey/session?runId=e0e03945-156e-4aba-8aa4-5370a1d38988 => [200] OK
[GET] http://localhost:3000/api/journey/session?runId=e0e03945-156e-4aba-8aa4-5370a1d38988 => [200] OK
[GET] http://localhost:3000/api/journey/session?runId=e0e03945-156e-4aba-8aa4-5370a1d38988 => [200] OK
[GET] http://localhost:3000/api/journey/session?runId=e0e03945-156e-4aba-8aa4-5370a1d38988 => [200] OK
[GET] http://localhost:3000/api/journey/session?runId=e0e03945-156e-4aba-8aa4-5370a1d38988 => [200] OK
[GET] http://localhost:3000/api/journey/session?runId=e0e03945-156e-4aba-8aa4-5370a1d38988 => [200] OK
[GET] http://localhost:3000/api/journey/session?runId=e0e03945-156e-4aba-8aa4-5370a1d38988 => [200] OK
[GET] http://localhost:3000/api/journey/session?runId=e0e03945-156e-4aba-8aa4-5370a1d38988 => [200] OK
[GET] http://localhost:3000/api/journey/session?runId=e0e03945-156e-4aba-8aa4-5370a1d38988 => [200] OK
[GET] http://localhost:3000/api/journey/session?runId=e0e03945-156e-4aba-8aa4-5370a1d38988 => [200] OK
[GET] http://localhost:3000/api/journey/session?runId=e0e03945-156e-4aba-8aa4-5370a1d38988 => [200] OK
[GET] http://localhost:3000/api/journey/session?runId=e0e03945-156e-4aba-8aa4-5370a1d38988 => [200] OK
[GET] http://localhost:3000/api/journey/session?runId=e0e03945-156e-4aba-8aa4-5370a1d38988 => [200] OK
[GET] http://localhost:3000/api/journey/session?runId=e0e03945-156e-4aba-8aa4-5370a1d38988 => [200] OK
[GET] http://localhost:3000/api/journey/session?runId=e0e03945-156e-4aba-8aa4-5370a1d38988 => [200] OK
[GET] http://localhost:3000/api/journey/session?runId=e0e03945-156e-4aba-8aa4-5370a1d38988 => [200] OK
[GET] http://localhost:3000/api/journey/session?runId=e0e03945-156e-4aba-8aa4-5370a1d38988 => [200] OK
[POST] https://fleet-bengal-80.clerk.accounts.dev/v1/client/sessions/sess_3AskCkV91ySMYON1I9f9ZpsceP2/tokens?__clerk_api_version=2025-11-10&_clerk_js_version=5.125.4&__clerk_db_jwt=dvb_3AgpThnLCiJGcahZDPQ2FwoITiU => [200] 
[GET] http://localhost:3000/api/journey/session?runId=e0e03945-156e-4aba-8aa4-5370a1d38988 => [200] OK
[GET] http://localhost:3000/api/journey/session?runId=e0e03945-156e-4aba-8aa4-5370a1d38988 => [200] OK
[GET] http://localhost:3000/api/journey/session?runId=e0e03945-156e-4aba-8aa4-5370a1d38988 => [200] OK
[GET] http://localhost:3000/api/journey/session?runId=e0e03945-156e-4aba-8aa4-5370a1d38988 => [200] OK
[GET] http://localhost:3000/api/journey/session?runId=e0e03945-156e-4aba-8aa4-5370a1d38988 => [200] OK
[GET] http://localhost:3000/api/journey/session?runId=e0e03945-156e-4aba-8aa4-5370a1d38988 => [200] OK
[GET] http://localhost:3000/api/journey/session?runId=e0e03945-156e-4aba-8aa4-5370a1d38988 => [200] OK
[GET] http://localhost:3000/api/journey/session?runId=e0e03945-156e-4aba-8aa4-5370a1d38988 => [200] OK
[GET] http://localhost:3000/api/journey/session?runId=e0e03945-156e-4aba-8aa4-5370a1d38988 => [200] OK
[GET] http://localhost:3000/api/journey/session?runId=e0e03945-156e-4aba-8aa4-5370a1d38988 => [200] OK
[GET] http://localhost:3000/api/journey/session?runId=e0e03945-156e-4aba-8aa4-5370a1d38988 => [200] OK
[GET] http://localhost:3000/api/journey/session?runId=e0e03945-156e-4aba-8aa4-5370a1d38988 => [200] OK
[GET] http://localhost:3000/api/journey/session?runId=e0e03945-156e-4aba-8aa4-5370a1d38988 => [200] OK
[GET] http://localhost:3000/api/journey/session?runId=e0e03945-156e-4aba-8aa4-5370a1d38988 => [200] OK
[GET] http://localhost:3000/api/journey/session?runId=e0e03945-156e-4aba-8aa4-5370a1d38988 => [200] OK
[GET] http://localhost:3000/api/journey/session?runId=e0e03945-156e-4aba-8aa4-5370a1d38988 => [200] OK
[GET] http://localhost:3000/api/journey/session?runId=e0e03945-156e-4aba-8aa4-5370a1d38988 => [200] OK
[GET] http://localhost:3000/api/journey/session?runId=e0e03945-156e-4aba-8aa4-5370a1d38988 => [200] OK
[GET] http://localhost:3000/api/journey/session?runId=e0e03945-156e-4aba-8aa4-5370a1d38988 => [200] OK
[GET] http://localhost:3000/api/journey/session?runId=e0e03945-156e-4aba-8aa4-5370a1d38988 => [200] OK
[GET] http://localhost:3000/api/journey/session?runId=e0e03945-156e-4aba-8aa4-5370a1d38988 => [200] OK
[GET] http://localhost:3000/api/journey/session?runId=e0e03945-156e-4aba-8aa4-5370a1d38988 => [200] OK
[GET] http://localhost:3000/api/journey/session?runId=e0e03945-156e-4aba-8aa4-5370a1d38988 => [200] OK
[GET] http://localhost:3000/api/journey/session?runId=e0e03945-156e-4aba-8aa4-5370a1d38988 => [200] OK
[GET] http://localhost:3000/api/journey/session?runId=e0e03945-156e-4aba-8aa4-5370a1d38988 => [200] OK
[POST] https://fleet-bengal-80.clerk.accounts.dev/v1/client/sessions/sess_3AskCkV91ySMYON1I9f9ZpsceP2/tokens?__clerk_api_version=2025-11-10&_clerk_js_version=5.125.4&__clerk_db_jwt=dvb_3AgpThnLCiJGcahZDPQ2FwoITiU => [200] 
[GET] http://localhost:3000/api/journey/session?runId=e0e03945-156e-4aba-8aa4-5370a1d38988 => [200] OK
[GET] http://localhost:3000/api/journey/session?runId=e0e03945-156e-4aba-8aa4-5370a1d38988 => [200] OK
[GET] http://localhost:3000/api/journey/session?runId=e0e03945-156e-4aba-8aa4-5370a1d38988 => [200] OK
[GET] http://localhost:3000/api/journey/session?runId=e0e03945-156e-4aba-8aa4-5370a1d38988 => [200] OK
[GET] http://localhost:3000/api/journey/session?runId=e0e03945-156e-4aba-8aa4-5370a1d38988 => [200] OK
[GET] http://localhost:3000/api/journey/session?runId=e0e03945-156e-4aba-8aa4-5370a1d38988 => [200] OK
[GET] http://localhost:3000/api/journey/session?runId=e0e03945-156e-4aba-8aa4-5370a1d38988 => [200] OK
[GET] http://localhost:3000/api/journey/session?runId=e0e03945-156e-4aba-8aa4-5370a1d38988 => [200] OK
[GET] http://localhost:3000/api/journey/session?runId=e0e03945-156e-4aba-8aa4-5370a1d38988 => [200] OK
[GET] http://localhost:3000/api/journey/session?runId=e0e03945-156e-4aba-8aa4-5370a1d38988 => [200] OK
[GET] http://localhost:3000/api/journey/session?runId=e0e03945-156e-4aba-8aa4-5370a1d38988 => [200] OK
[GET] http://localhost:3000/api/journey/session?runId=e0e03945-156e-4aba-8aa4-5370a1d38988 => [200] OK
[GET] http://localhost:3000/api/journey/session?runId=e0e03945-156e-4aba-8aa4-5370a1d38988 => [200] OK
[GET] http://localhost:3000/api/journey/session?runId=e0e03945-156e-4aba-8aa4-5370a1d38988 => [200] OK
[GET] http://localhost:3000/api/journey/session?runId=e0e03945-156e-4aba-8aa4-5370a1d38988 => [200] OK
[GET] http://localhost:3000/api/journey/session?runId=e0e03945-156e-4aba-8aa4-5370a1d38988 => [200] OK
[GET] http://localhost:3000/api/journey/session?runId=e0e03945-156e-4aba-8aa4-5370a1d38988 => [200] OK
[GET] http://localhost:3000/api/journey/session?runId=e0e03945-156e-4aba-8aa4-5370a1d38988 => [200] OK
[GET] http://localhost:3000/api/journey/session?runId=e0e03945-156e-4aba-8aa4-5370a1d38988 => [200] OK
[GET] http://localhost:3000/api/journey/session?runId=e0e03945-156e-4aba-8aa4-5370a1d38988 => [200] OK
[GET] http://localhost:3000/api/journey/session?runId=e0e03945-156e-4aba-8aa4-5370a1d38988 => [200] OK
[GET] http://localhost:3000/api/journey/session?runId=e0e03945-156e-4aba-8aa4-5370a1d38988 => [200] OK
[GET] http://localhost:3000/api/journey/session?runId=e0e03945-156e-4aba-8aa4-5370a1d38988 => [200] OK
[POST] https://fleet-bengal-80.clerk.accounts.dev/v1/client/sessions/sess_3AskCkV91ySMYON1I9f9ZpsceP2/tokens?__clerk_api_version=2025-11-10&_clerk_js_version=5.125.4&__clerk_db_jwt=dvb_3AgpThnLCiJGcahZDPQ2FwoITiU => [200] 
[GET] http://localhost:3000/api/journey/session?runId=e0e03945-156e-4aba-8aa4-5370a1d38988 => [200] OK
[GET] http://localhost:3000/api/journey/session?runId=e0e03945-156e-4aba-8aa4-5370a1d38988 => [200] OK
[GET] http://localhost:3000/api/journey/session?runId=e0e03945-156e-4aba-8aa4-5370a1d38988 => [200] OK
[GET] http://localhost:3000/api/journey/session?runId=e0e03945-156e-4aba-8aa4-5370a1d38988 => [200] OK
[GET] http://localhost:3000/api/journey/session?runId=e0e03945-156e-4aba-8aa4-5370a1d38988 => [200] OK
[GET] http://localhost:3000/api/journey/session?runId=e0e03945-156e-4aba-8aa4-5370a1d38988 => [200] OK
[GET] http://localhost:3000/api/journey/session?runId=e0e03945-156e-4aba-8aa4-5370a1d38988 => [200] OK
[GET] http://localhost:3000/api/journey/session?runId=e0e03945-156e-4aba-8aa4-5370a1d38988 => [200] OK
[GET] http://localhost:3000/api/journey/session?runId=e0e03945-156e-4aba-8aa4-5370a1d38988 => [200] OK
[GET] http://localhost:3000/api/journey/session?runId=e0e03945-156e-4aba-8aa4-5370a1d38988 => [200] OK
[GET] http://localhost:3000/api/journey/session?runId=e0e03945-156e-4aba-8aa4-5370a1d38988 => [200] OK
[GET] http://localhost:3000/api/journey/session?runId=e0e03945-156e-4aba-8aa4-5370a1d38988 => [200] OK
[GET] http://localhost:3000/api/journey/session?runId=e0e03945-156e-4aba-8aa4-5370a1d38988 => [200] OK
[GET] http://localhost:3000/api/journey/session?runId=e0e03945-156e-4aba-8aa4-5370a1d38988 => [200] OK
[GET] http://localhost:3000/api/journey/session?runId=e0e03945-156e-4aba-8aa4-5370a1d38988 => [200] OK
[GET] http://localhost:3000/api/journey/session?runId=e0e03945-156e-4aba-8aa4-5370a1d38988 => [200] OK
[GET] http://localhost:3000/api/journey/session?runId=e0e03945-156e-4aba-8aa4-5370a1d38988 => [200] OK
[GET] http://localhost:3000/api/journey/session?runId=e0e03945-156e-4aba-8aa4-5370a1d38988 => [200] OK
[GET] http://localhost:3000/api/journey/session?runId=e0e03945-156e-4aba-8aa4-5370a1d38988 => [200] OK
[GET] http://localhost:3000/api/journey/session?runId=e0e03945-156e-4aba-8aa4-5370a1d38988 => [200] OK
[GET] http://localhost:3000/api/journey/session?runId=e0e03945-156e-4aba-8aa4-5370a1d38988 => [200] OK
[GET] http://localhost:3000/api/journey/session?runId=e0e03945-156e-4aba-8aa4-5370a1d38988 => [200] OK
[GET] http://localhost:3000/api/journey/session?runId=e0e03945-156e-4aba-8aa4-5370a1d38988 => [200] OK
[POST] https://fleet-bengal-80.clerk.accounts.dev/v1/client/sessions/sess_3AskCkV91ySMYON1I9f9ZpsceP2/tokens?__clerk_api_version=2025-11-10&_clerk_js_version=5.125.4&__clerk_db_jwt=dvb_3AgpThnLCiJGcahZDPQ2FwoITiU => [200] 
[GET] http://localhost:3000/api/journey/session?runId=e0e03945-156e-4aba-8aa4-5370a1d38988 => [200] OK
[GET] http://localhost:3000/api/journey/session?runId=e0e03945-156e-4aba-8aa4-5370a1d38988 => [200] OK
[GET] http://localhost:3000/api/journey/session?runId=e0e03945-156e-4aba-8aa4-5370a1d38988 => [200] OK
[GET] http://localhost:3000/api/journey/session?runId=e0e03945-156e-4aba-8aa4-5370a1d38988 => [200] OK
[GET] http://localhost:3000/api/journey/session?runId=e0e03945-156e-4aba-8aa4-5370a1d38988 => [200] OK
[GET] http://localhost:3000/api/journey/session?runId=e0e03945-156e-4aba-8aa4-5370a1d38988 => [200] OK
[GET] http://localhost:3000/api/journey/session?runId=e0e03945-156e-4aba-8aa4-5370a1d38988 => [200] OK
[GET] http://localhost:3000/api/journey/session?runId=e0e03945-156e-4aba-8aa4-5370a1d38988 => [200] OK
[GET] http://localhost:3000/api/journey/session?runId=e0e03945-156e-4aba-8aa4-5370a1d38988 => [200] OK
[GET] http://localhost:3000/api/journey/session?runId=e0e03945-156e-4aba-8aa4-5370a1d38988 => [200] OK
[GET] http://localhost:3000/api/journey/session?runId=e0e03945-156e-4aba-8aa4-5370a1d38988 => [200] OK
[GET] http://localhost:3000/api/journey/session?runId=e0e03945-156e-4aba-8aa4-5370a1d38988 => [200] OK
[GET] http://localhost:3000/api/journey/session?runId=e0e03945-156e-4aba-8aa4-5370a1d38988 => [200] OK
[GET] http://localhost:3000/api/journey/session?runId=e0e03945-156e-4aba-8aa4-5370a1d38988 => [200] OK
[GET] http://localhost:3000/api/journey/session?runId=e0e03945-156e-4aba-8aa4-5370a1d38988 => [200] OK
[GET] http://localhost:3000/api/journey/session?runId=e0e03945-156e-4aba-8aa4-5370a1d38988 => [200] OK
[GET] http://localhost:3000/api/journey/session?runId=e0e03945-156e-4aba-8aa4-5370a1d38988 => [200] OK
[GET] http://localhost:3000/api/journey/session?runId=e0e03945-156e-4aba-8aa4-5370a1d38988 => [200] OK
[GET] http://localhost:3000/api/journey/session?runId=e0e03945-156e-4aba-8aa4-5370a1d38988 => [200] OK
[GET] http://localhost:3000/api/journey/session?runId=e0e03945-156e-4aba-8aa4-5370a1d38988 => [200] OK
[GET] http://localhost:3000/api/journey/session?runId=e0e03945-156e-4aba-8aa4-5370a1d38988 => [200] OK
[GET] http://localhost:3000/api/journey/session?runId=e0e03945-156e-4aba-8aa4-5370a1d38988 => [200] OK
[GET] http://localhost:3000/api/journey/session?runId=e0e03945-156e-4aba-8aa4-5370a1d38988 => [200] OK
[POST] https://fleet-bengal-80.clerk.accounts.dev/v1/client/sessions/sess_3AskCkV91ySMYON1I9f9ZpsceP2/tokens?__clerk_api_version=2025-11-10&_clerk_js_version=5.125.4&__clerk_db_jwt=dvb_3AgpThnLCiJGcahZDPQ2FwoITiU => [200] 
[GET] http://localhost:3000/api/journey/session?runId=e0e03945-156e-4aba-8aa4-5370a1d38988 => [200] OK
[GET] http://localhost:3000/api/journey/session?runId=e0e03945-156e-4aba-8aa4-5370a1d38988 => [200] OK
[GET] http://localhost:3000/api/journey/session?runId=e0e03945-156e-4aba-8aa4-5370a1d38988 => [200] OK
[GET] http://localhost:3000/api/journey/session?runId=e0e03945-156e-4aba-8aa4-5370a1d38988 => [200] OK
[GET] http://localhost:3000/api/journey/session?runId=e0e03945-156e-4aba-8aa4-5370a1d38988 => [200] OK
[GET] http://localhost:3000/api/journey/session?runId=e0e03945-156e-4aba-8aa4-5370a1d38988 => [200] OK
[GET] http://localhost:3000/api/journey/session?runId=e0e03945-156e-4aba-8aa4-5370a1d38988 => [200] OK
[GET] http://localhost:3000/api/journey/session?runId=e0e03945-156e-4aba-8aa4-5370a1d38988 => [200] OK
[GET] http://localhost:3000/api/journey/session?runId=e0e03945-156e-4aba-8aa4-5370a1d38988 => [200] OK
[GET] http://localhost:3000/api/journey/session?runId=e0e03945-156e-4aba-8aa4-5370a1d38988 => [200] OK
[GET] http://localhost:3000/api/journey/session?runId=e0e03945-156e-4aba-8aa4-5370a1d38988 => [200] OK
[GET] http://localhost:3000/api/journey/session?runId=e0e03945-156e-4aba-8aa4-5370a1d38988 => [200] OK
[GET] http://localhost:3000/api/journey/session?runId=e0e03945-156e-4aba-8aa4-5370a1d38988 => [200] OK
[GET] http://localhost:3000/api/journey/session?runId=e0e03945-156e-4aba-8aa4-5370a1d38988 => [200] OK
[GET] http://localhost:3000/api/journey/session?runId=e0e03945-156e-4aba-8aa4-5370a1d38988 => [200] OK
[GET] http://localhost:3000/api/journey/session?runId=e0e03945-156e-4aba-8aa4-5370a1d38988 => [200] OK
[GET] http://localhost:3000/api/journey/session?runId=e0e03945-156e-4aba-8aa4-5370a1d38988 => [200] OK
[GET] http://localhost:3000/api/journey/session?runId=e0e03945-156e-4aba-8aa4-5370a1d38988 => [200] OK
[GET] http://localhost:3000/api/journey/session?runId=e0e03945-156e-4aba-8aa4-5370a1d38988 => [200] OK
[GET] http://localhost:3000/api/journey/session?runId=e0e03945-156e-4aba-8aa4-5370a1d38988 => [200] OK
[GET] http://localhost:3000/sign-in/SignIn_clerk_catchall_check_1773458949628 => [200] OK
[POST] https://fleet-bengal-80.clerk.accounts.dev/v1/environment?__clerk_api_version=2025-11-10&_clerk_js_version=5.125.4&_method=PATCH&__clerk_db_jwt=dvb_3AgpThnLCiJGcahZDPQ2FwoITiU => [200] 
[GET] https://fleet-bengal-80.clerk.accounts.dev/v1/client?__clerk_api_version=2025-11-10&_clerk_js_version=5.125.4&__clerk_db_jwt=dvb_3AgpThnLCiJGcahZDPQ2FwoITiU => [200] 
[POST] http://localhost:3000/journey => [200] OK
[POST] https://clerk-telemetry.com/v1/event => [200] 
[POST] https://clerk-telemetry.com/v1/event => [200] 
[POST] http://localhost:3000/api/journey/prefill => [200] OK
[POST] https://clerk-telemetry.com/v1/event => [200] 
[POST] https://clerk-telemetry.com/v1/event => [200] 
[PATCH] http://localhost:3000/api/journey/session => [200] OK
[GET] http://localhost:3000/api/journey/session?runId=e0e03945-156e-4aba-8aa4-5370a1d38988 => [200] OK
[GET] http://localhost:3000/api/journey/session?runId=e0e03945-156e-4aba-8aa4-5370a1d38988 => [200] OK
[POST] http://localhost:3000/api/journey/dispatch => [200] OK
[GET] http://localhost:3000/api/journey/session?runId=e0e03945-156e-4aba-8aa4-5370a1d38988 => [200] OK
[GET] http://localhost:3000/api/journey/session?runId=e0e03945-156e-4aba-8aa4-5370a1d38988 => [200] OK
[GET] http://localhost:3000/api/journey/session?runId=e0e03945-156e-4aba-8aa4-5370a1d38988 => [200] OK
[GET] http://localhost:3000/api/journey/session?runId=e0e03945-156e-4aba-8aa4-5370a1d38988 => [200] OK
[GET] http://localhost:3000/api/journey/session?runId=e0e03945-156e-4aba-8aa4-5370a1d38988 => [200] OK
[GET] http://localhost:3000/api/journey/session?runId=e0e03945-156e-4aba-8aa4-5370a1d38988 => [200] OK
[GET] http://localhost:3000/api/journey/session?runId=e0e03945-156e-4aba-8aa4-5370a1d38988 => [200] OK
[GET] http://localhost:3000/api/journey/session?runId=e0e03945-156e-4aba-8aa4-5370a1d38988 => [200] OK
[GET] http://localhost:3000/api/journey/session?runId=e0e03945-156e-4aba-8aa4-5370a1d38988 => [200] OK
[GET] http://localhost:3000/api/journey/session?runId=e0e03945-156e-4aba-8aa4-5370a1d38988 => [200] OK
[GET] http://localhost:3000/api/journey/session?runId=e0e03945-156e-4aba-8aa4-5370a1d38988 => [200] OK
[GET] http://localhost:3000/api/journey/session?runId=e0e03945-156e-4aba-8aa4-5370a1d38988 => [200] OK
[GET] http://localhost:3000/api/journey/session?runId=e0e03945-156e-4aba-8aa4-5370a1d38988 => [200] OK
[GET] http://localhost:3000/api/journey/session?runId=e0e03945-156e-4aba-8aa4-5370a1d38988 => [200] OK
[GET] http://localhost:3000/api/journey/session?runId=e0e03945-156e-4aba-8aa4-5370a1d38988 => [200] OK
[GET] http://localhost:3000/api/journey/session?runId=e0e03945-156e-4aba-8aa4-5370a1d38988 => [200] OK
[GET] http://localhost:3000/api/journey/session?runId=e0e03945-156e-4aba-8aa4-5370a1d38988 => [200] OK
[POST] https://fleet-bengal-80.clerk.accounts.dev/v1/client/sessions/sess_3AskCkV91ySMYON1I9f9ZpsceP2/tokens?__clerk_api_version=2025-11-10&_clerk_js_version=5.125.4&__clerk_db_jwt=dvb_3AgpThnLCiJGcahZDPQ2FwoITiU => [200] 
[GET] http://localhost:3000/api/journey/session?runId=e0e03945-156e-4aba-8aa4-5370a1d38988 => [200] OK
[GET] http://localhost:3000/api/journey/session?runId=e0e03945-156e-4aba-8aa4-5370a1d38988 => [200] OK
[GET] http://localhost:3000/api/journey/session?runId=e0e03945-156e-4aba-8aa4-5370a1d38988 => [200] OK
[GET] http://localhost:3000/api/journey/session?runId=e0e03945-156e-4aba-8aa4-5370a1d38988 => [200] OK
[GET] http://localhost:3000/api/journey/session?runId=e0e03945-156e-4aba-8aa4-5370a1d38988 => [200] OK
[GET] http://localhost:3000/api/journey/session?runId=e0e03945-156e-4aba-8aa4-5370a1d38988 => [200] OK
[GET] http://localhost:3000/api/journey/session?runId=e0e03945-156e-4aba-8aa4-5370a1d38988 => [200] OK
[GET] http://localhost:3000/api/journey/session?runId=e0e03945-156e-4aba-8aa4-5370a1d38988 => [200] OK
[GET] http://localhost:3000/api/journey/session?runId=e0e03945-156e-4aba-8aa4-5370a1d38988 => [200] OK
[GET] http://localhost:3000/api/journey/session?runId=e0e03945-156e-4aba-8aa4-5370a1d38988 => [200] OK
[GET] http://localhost:3000/api/journey/session?runId=e0e03945-156e-4aba-8aa4-5370a1d38988 => [200] OK
[GET] http://localhost:3000/api/journey/session?runId=e0e03945-156e-4aba-8aa4-5370a1d38988 => [200] OK
[GET] http://localhost:3000/api/journey/session?runId=e0e03945-156e-4aba-8aa4-5370a1d38988 => [200] OK
[GET] http://localhost:3000/api/journey/session?runId=e0e03945-156e-4aba-8aa4-5370a1d38988 => [200] OK
[GET] http://localhost:3000/api/journey/session?runId=e0e03945-156e-4aba-8aa4-5370a1d38988 => [200] OK
[GET] http://localhost:3000/api/journey/session?runId=e0e03945-156e-4aba-8aa4-5370a1d38988 => [200] OK
[GET] http://localhost:3000/api/journey/session?runId=e0e03945-156e-4aba-8aa4-5370a1d38988 => [200] OK
[GET] http://localhost:3000/api/journey/session?runId=e0e03945-156e-4aba-8aa4-5370a1d38988 => [200] OK
[GET] http://localhost:3000/api/journey/session?runId=e0e03945-156e-4aba-8aa4-5370a1d38988 => [200] OK
[GET] http://localhost:3000/api/journey/session?runId=e0e03945-156e-4aba-8aa4-5370a1d38988 => [200] OK
[GET] http://localhost:3000/api/journey/session?runId=e0e03945-156e-4aba-8aa4-5370a1d38988 => [200] OK
[GET] http://localhost:3000/api/journey/session?runId=e0e03945-156e-4aba-8aa4-5370a1d38988 => [200] OK
[GET] http://localhost:3000/api/journey/session?runId=e0e03945-156e-4aba-8aa4-5370a1d38988 => [200] OK
[GET] http://localhost:3000/api/journey/session?runId=e0e03945-156e-4aba-8aa4-5370a1d38988 => [200] OK
[GET] http://localhost:3000/api/journey/session?runId=e0e03945-156e-4aba-8aa4-5370a1d38988 => [200] OK
[POST] https://fleet-bengal-80.clerk.accounts.dev/v1/client/sessions/sess_3AskCkV91ySMYON1I9f9ZpsceP2/tokens?__clerk_api_version=2025-11-10&_clerk_js_version=5.125.4&__clerk_db_jwt=dvb_3AgpThnLCiJGcahZDPQ2FwoITiU => [200] 
[GET] http://localhost:3000/api/journey/session?runId=e0e03945-156e-4aba-8aa4-5370a1d38988 => [200] OK
[GET] http://localhost:3000/api/journey/session?runId=e0e03945-156e-4aba-8aa4-5370a1d38988 => [200] OK
[GET] http://localhost:3000/api/journey/session?runId=e0e03945-156e-4aba-8aa4-5370a1d38988 => [200] OK
[GET] http://localhost:3000/api/journey/session?runId=e0e03945-156e-4aba-8aa4-5370a1d38988 => [200] OK
[GET] http://localhost:3000/api/journey/session?runId=e0e03945-156e-4aba-8aa4-5370a1d38988 => [200] OK
[GET] http://localhost:3000/api/journey/session?runId=e0e03945-156e-4aba-8aa4-5370a1d38988 => [200] OK
[GET] http://localhost:3000/api/journey/session?runId=e0e03945-156e-4aba-8aa4-5370a1d38988 => [200] OK
[GET] http://localhost:3000/api/journey/session?runId=e0e03945-156e-4aba-8aa4-5370a1d38988 => [200] OK
[GET] http://localhost:3000/api/journey/session?runId=e0e03945-156e-4aba-8aa4-5370a1d38988 => [200] OK
[GET] http://localhost:3000/api/journey/session?runId=e0e03945-156e-4aba-8aa4-5370a1d38988 => [200] OK
[GET] http://localhost:3000/api/journey/session?runId=e0e03945-156e-4aba-8aa4-5370a1d38988 => [200] OK
[GET] http://localhost:3000/api/journey/session?runId=e0e03945-156e-4aba-8aa4-5370a1d38988 => [200] OK
[GET] http://localhost:3000/api/journey/session?runId=e0e03945-156e-4aba-8aa4-5370a1d38988 => [200] OK
[GET] http://localhost:3000/api/journey/session?runId=e0e03945-156e-4aba-8aa4-5370a1d38988 => [200] OK
[GET] http://localhost:3000/api/journey/session?runId=e0e03945-156e-4aba-8aa4-5370a1d38988 => [200] OK
[GET] http://localhost:3000/api/journey/session?runId=e0e03945-156e-4aba-8aa4-5370a1d38988 => [200] OK
[GET] http://localhost:3000/api/journey/session?runId=e0e03945-156e-4aba-8aa4-5370a1d38988 => [200] OK
[GET] http://localhost:3000/api/journey/session?runId=e0e03945-156e-4aba-8aa4-5370a1d38988 => [200] OK
[GET] http://localhost:3000/api/journey/session?runId=e0e03945-156e-4aba-8aa4-5370a1d38988 => [200] OK
[GET] http://localhost:3000/api/journey/session?runId=e0e03945-156e-4aba-8aa4-5370a1d38988 => [200] OK
[GET] http://localhost:3000/api/journey/session?runId=e0e03945-156e-4aba-8aa4-5370a1d38988 => [200] OK
[GET] http://localhost:3000/api/journey/session?runId=e0e03945-156e-4aba-8aa4-5370a1d38988 => [200] OK
[GET] http://localhost:3000/api/journey/session?runId=e0e03945-156e-4aba-8aa4-5370a1d38988 => [200] OK
[POST] https://fleet-bengal-80.clerk.accounts.dev/v1/client/sessions/sess_3AskCkV91ySMYON1I9f9ZpsceP2/tokens?__clerk_api_version=2025-11-10&_clerk_js_version=5.125.4&__clerk_db_jwt=dvb_3AgpThnLCiJGcahZDPQ2FwoITiU => [200] 
[GET] http://localhost:3000/api/journey/session?runId=e0e03945-156e-4aba-8aa4-5370a1d38988 => [200] OK
[GET] http://localhost:3000/api/journey/session?runId=e0e03945-156e-4aba-8aa4-5370a1d38988 => [200] OK
[GET] http://localhost:3000/api/journey/session?runId=e0e03945-156e-4aba-8aa4-5370a1d38988 => [200] OK
[GET] http://localhost:3000/api/journey/session?runId=e0e03945-156e-4aba-8aa4-5370a1d38988 => [200] OK
[GET] http://localhost:3000/api/journey/session?runId=e0e03945-156e-4aba-8aa4-5370a1d38988 => [200] OK
[GET] http://localhost:3000/api/journey/session?runId=e0e03945-156e-4aba-8aa4-5370a1d38988 => [200] OK
[GET] http://localhost:3000/api/journey/session?runId=e0e03945-156e-4aba-8aa4-5370a1d38988 => [200] OK
[GET] http://localhost:3000/api/journey/session?runId=e0e03945-156e-4aba-8aa4-5370a1d38988 => [200] OK
[GET] http://localhost:3000/api/journey/session?runId=e0e03945-156e-4aba-8aa4-5370a1d38988 => [200] OK
[GET] http://localhost:3000/api/journey/session?runId=e0e03945-156e-4aba-8aa4-5370a1d38988 => [200] OK
[GET] http://localhost:3000/api/journey/session?runId=e0e03945-156e-4aba-8aa4-5370a1d38988 => [200] OK
[GET] http://localhost:3000/api/journey/session?runId=e0e03945-156e-4aba-8aa4-5370a1d38988 => [200] OK
[GET] http://localhost:3000/api/journey/session?runId=e0e03945-156e-4aba-8aa4-5370a1d38988 => [200] OK
[GET] http://localhost:3000/api/journey/session?runId=e0e03945-156e-4aba-8aa4-5370a1d38988 => [200] OK
[GET] http://localhost:3000/api/journey/session?runId=e0e03945-156e-4aba-8aa4-5370a1d38988 => [200] OK
[GET] http://localhost:3000/api/journey/session?runId=e0e03945-156e-4aba-8aa4-5370a1d38988 => [200] OK
[GET] http://localhost:3000/api/journey/session?runId=e0e03945-156e-4aba-8aa4-5370a1d38988 => [200] OK
[GET] http://localhost:3000/api/journey/session?runId=e0e03945-156e-4aba-8aa4-5370a1d38988 => [200] OK
[GET] http://localhost:3000/api/journey/session?runId=e0e03945-156e-4aba-8aa4-5370a1d38988 => [200] OK
[GET] http://localhost:3000/api/journey/session?runId=e0e03945-156e-4aba-8aa4-5370a1d38988 => [200] OK
[GET] http://localhost:3000/api/journey/session?runId=e0e03945-156e-4aba-8aa4-5370a1d38988 => [200] OK
[GET] http://localhost:3000/api/journey/session?runId=e0e03945-156e-4aba-8aa4-5370a1d38988 => [200] OK
[GET] http://localhost:3000/api/journey/session?runId=e0e03945-156e-4aba-8aa4-5370a1d38988 => [200] OK
[GET] http://localhost:3000/api/journey/session?runId=e0e03945-156e-4aba-8aa4-5370a1d38988 => [200] OK
[GET] http://localhost:3000/api/journey/session?runId=e0e03945-156e-4aba-8aa4-5370a1d38988 => [200] OK